<?xml version="1.0" encoding="UTF-8"?>
<testng-results ignored="0" total="1" passed="1" failed="0" skipped="0">
  <reporter-output>
  </reporter-output>
  <suite started-at="2023-07-29T01:25:23 IST" name="Default suite" finished-at="2023-07-29T01:26:39 IST" duration-ms="76291">
    <groups>
    </groups>
    <test started-at="2023-07-29T01:25:23 IST" name="Default test" finished-at="2023-07-29T01:26:39 IST" duration-ms="76291">
      <class name="Page.Temwrk">
        <test-method is-config="true" signature="setup()[pri:0, instance:Page.Temwrk@17497425]" started-at="2023-07-29T01:25:23 IST" name="setup" finished-at="2023-07-29T01:25:29 IST" duration-ms="6307" status="PASS">
          <reporter-output>
          </reporter-output>
        </test-method> <!-- setup -->
        <test-method signature="testing()[pri:0, instance:Page.Temwrk@17497425]" started-at="2023-07-29T01:25:29 IST" name="testing" finished-at="2023-07-29T01:26:39 IST" duration-ms="69900" status="PASS">
          <reporter-output>
          </reporter-output>
        </test-method> <!-- testing -->
      </class> <!-- Page.Temwrk -->
    </test> <!-- Default test -->
  </suite> <!-- Default suite -->
</testng-results>
